{"uuid":"b9963ebe-e6e7-4983-8eb6-56cc387a6d26","historyId":"30dda87505c6338d2c98eeddc696369b","testCaseId":"21ed953f38666e2dd218f24352cc4fd5","fullName":"src/test/java/features/urbuddi.feature:21","labels":[{"name":"tag","value":"sanity"},{"name":"host","value":"DESKTOP-N461L09"},{"name":"thread","value":"12508@DESKTOP-N461L09.TestNG-PoolService-2(39)"},{"name":"feature","value":"Login Feature"},{"name":"story","value":"Create a new user"},{"name":"suite","value":"Login Feature"},{"name":"testClass","value":"Create a new user"},{"name":"framework","value":"cucumber4jvm"},{"name":"language","value":"java"},{"name":"gherkin_uri","value":"file:///C:/Users/Admin/IdeaProjects/untitled/src/test/java/features/urbuddi.feature"},{"name":"package","value":"src.test.java.features.urbuddi_feature.Login Feature"}],"links":[],"name":"Create a new user","status":"failed","statusDetails":{"known":false,"muted":false,"flaky":false,"message":"expected [] but found [Saved Successfully]","trace":"java.lang.AssertionError: expected [] but found [Saved Successfully]\r\n\tat org.testng.Assert.fail(Assert.java:111)\r\n\tat org.testng.Assert.failNotEquals(Assert.java:1578)\r\n\tat org.testng.Assert.assertEqualsImpl(Assert.java:150)\r\n\tat org.testng.Assert.assertEquals(Assert.java:132)\r\n\tat org.testng.Assert.assertEquals(Assert.java:656)\r\n\tat org.testng.Assert.assertEquals(Assert.java:666)\r\n\tat stepDefinitions.LoginStep.employeeShouldBeAddSuccesfully(LoginStep.java:168)\r\n\tat ✽.Employee should be add succesfully.(file:///C:/Users/Admin/IdeaProjects/untitled/src/test/java/features/urbuddi.feature:35)\r\n"},"stage":"finished","description":"  This feature is to login to the urbuddi portal.","steps":[{"name":"Given Launch the broswer","status":"passed","statusDetails":{"known":false,"muted":false,"flaky":false},"stage":"finished","steps":[],"attachments":[],"parameters":[],"start":1755596336367,"stop":1755596336461},{"name":"When User open the URL:","status":"passed","statusDetails":{"known":false,"muted":false,"flaky":false},"stage":"finished","steps":[],"attachments":[{"name":"Data table","source":"311fce93-71e1-4df6-8123-cd5625e1f439-attachment.csv","type":"text/tab-separated-values"}],"parameters":[],"start":1755596336462,"stop":1755596338888},{"name":"And User Enters Email  and password","status":"passed","statusDetails":{"known":false,"muted":false,"flaky":false},"stage":"finished","steps":[],"attachments":[{"name":"Data table","source":"9f5c5a31-02c3-4d56-8575-51c182a10c21-attachment.csv","type":"text/tab-separated-values"}],"parameters":[],"start":1755596338888,"stop":1755596339504},{"name":"And Click on Login button.","status":"passed","statusDetails":{"known":false,"muted":false,"flaky":false},"stage":"finished","steps":[],"attachments":[],"parameters":[],"start":1755596339504,"stop":1755596339764},{"name":"When Click on Employee icon and add Employee","status":"passed","statusDetails":{"known":false,"muted":false,"flaky":false},"stage":"finished","steps":[],"attachments":[],"parameters":[],"start":1755596339764,"stop":1755596341319},{"name":"Then Option to enter all the required fields should display","status":"passed","statusDetails":{"known":false,"muted":false,"flaky":false},"stage":"finished","steps":[],"attachments":[{"name":"Data table","source":"5032e241-661a-49ac-9c52-2ce2dc49c526-attachment.csv","type":"text/tab-separated-values"}],"parameters":[],"start":1755596341319,"stop":1755596346846},{"name":"And Click on add button","status":"passed","statusDetails":{"known":false,"muted":false,"flaky":false},"stage":"finished","steps":[],"attachments":[],"parameters":[],"start":1755596346847,"stop":1755596349435},{"name":"Then Employee should be add succesfully.","status":"failed","statusDetails":{"known":false,"muted":false,"flaky":false,"message":"expected [] but found [Saved Successfully]","trace":"java.lang.AssertionError: expected [] but found [Saved Successfully]\r\n\tat org.testng.Assert.fail(Assert.java:111)\r\n\tat org.testng.Assert.failNotEquals(Assert.java:1578)\r\n\tat org.testng.Assert.assertEqualsImpl(Assert.java:150)\r\n\tat org.testng.Assert.assertEquals(Assert.java:132)\r\n\tat org.testng.Assert.assertEquals(Assert.java:656)\r\n\tat org.testng.Assert.assertEquals(Assert.java:666)\r\n\tat stepDefinitions.LoginStep.employeeShouldBeAddSuccesfully(LoginStep.java:168)\r\n\tat ✽.Employee should be add succesfully.(file:///C:/Users/Admin/IdeaProjects/untitled/src/test/java/features/urbuddi.feature:35)\r\n"},"stage":"finished","steps":[],"attachments":[],"parameters":[],"start":1755596349435,"stop":1755596349628}],"attachments":[],"parameters":[],"start":1755596332659,"stop":1755596349982}