{
  "uid" : "640f135e34efcd4c",
  "name" : "Delete a  user",
  "fullName" : "src/test/java/features/deleteUser.feature:4",
  "historyId" : "4254f23a59ed33390c0a0d367c0ff796",
  "time" : {
    "start" : 1755612264503,
    "stop" : 1755612285891,
    "duration" : 21388
  },
  "description" : "  This feature is to login to the urbuddi portal.",
  "descriptionHtml" : "<p>This feature is to login to the urbuddi portal.</p>\n",
  "status" : "broken",
  "statusMessage" : "Expected condition failed: waiting for visibility of [[ChromeDriver: chrome on windows (84a0c30ecd49cf65ac06b46defa52bbb)] -> xpath: //div[@class='ag-selection-checkbox']//input[@type='checkbox']] (tried for 10 second(s) with 500 milliseconds interval)\nBuild info: version: '4.33.0', revision: '2c6aaad03a'\nSystem info: os.name: 'Windows 10', os.arch: 'amd64', os.version: '10.0', java.version: '24.0.2'\nDriver info: org.openqa.selenium.chrome.ChromeDriver\nCapabilities {acceptInsecureCerts: false, browserName: chrome, browserVersion: 139.0.7258.67, chrome: {chromedriverVersion: 139.0.7258.68 (40ff94600b6e..., userDataDir: C:\\Users\\Admin\\AppData\\Loca...}, fedcm:accounts: true, goog:chromeOptions: {debuggerAddress: localhost:61255}, networkConnectionEnabled: false, pageLoadStrategy: normal, platformName: windows, proxy: Proxy(), se:cdp: ws://localhost:61255/devtoo..., se:cdpVersion: 139.0.7258.67, setWindowRect: true, strictFileInteractability: false, timeouts: {implicit: 0, pageLoad: 300000, script: 30000}, unhandledPromptBehavior: dismiss and notify, webauthn:extension:credBlob: true, webauthn:extension:largeBlob: true, webauthn:extension:minPinLength: true, webauthn:extension:prf: true, webauthn:virtualAuthenticators: true}\nSession ID: 84a0c30ecd49cf65ac06b46defa52bbb",
  "statusTrace" : "org.openqa.selenium.TimeoutException: Expected condition failed: waiting for visibility of [[ChromeDriver: chrome on windows (84a0c30ecd49cf65ac06b46defa52bbb)] -> xpath: //div[@class='ag-selection-checkbox']//input[@type='checkbox']] (tried for 10 second(s) with 500 milliseconds interval)\nBuild info: version: '4.33.0', revision: '2c6aaad03a'\nSystem info: os.name: 'Windows 10', os.arch: 'amd64', os.version: '10.0', java.version: '24.0.2'\nDriver info: org.openqa.selenium.chrome.ChromeDriver\nCapabilities {acceptInsecureCerts: false, browserName: chrome, browserVersion: 139.0.7258.67, chrome: {chromedriverVersion: 139.0.7258.68 (40ff94600b6e..., userDataDir: C:\\Users\\Admin\\AppData\\Loca...}, fedcm:accounts: true, goog:chromeOptions: {debuggerAddress: localhost:61255}, networkConnectionEnabled: false, pageLoadStrategy: normal, platformName: windows, proxy: Proxy(), se:cdp: ws://localhost:61255/devtoo..., se:cdpVersion: 139.0.7258.67, setWindowRect: true, strictFileInteractability: false, timeouts: {implicit: 0, pageLoad: 300000, script: 30000}, unhandledPromptBehavior: dismiss and notify, webauthn:extension:credBlob: true, webauthn:extension:largeBlob: true, webauthn:extension:minPinLength: true, webauthn:extension:prf: true, webauthn:virtualAuthenticators: true}\nSession ID: 84a0c30ecd49cf65ac06b46defa52bbb\r\n\tat org.openqa.selenium.support.ui.WebDriverWait.timeoutException(WebDriverWait.java:84)\r\n\tat org.openqa.selenium.support.ui.FluentWait.until(FluentWait.java:228)\r\n\tat Utilities.ElementUtils.visibilityOfElement(ElementUtils.java:25)\r\n\tat Utilities.ElementUtils.click(ElementUtils.java:63)\r\n\tat pom.DeleteEmployee_Page.deleteEmployee(DeleteEmployee_Page.java:46)\r\n\tat stepDefinitions.DeleteStep.clickOnEmployeeIconAndDeleteTheEmployee(DeleteStep.java:46)\r\n\tat ✽.Click on Employee icon and delete the employee(file:///C:/Users/Admin/IdeaProjects/untitled/src/test/java/features/deleteUser.feature:8)\r\n",
  "flaky" : false,
  "newFailed" : false,
  "beforeStages" : [ {
    "name" : "stepDefinitions.Hooks.beforeScenario(io.cucumber.java.Scenario)",
    "time" : {
      "start" : 1755612266356,
      "stop" : 1755612266357,
      "duration" : 1
    },
    "status" : "passed",
    "steps" : [ ],
    "attachments" : [ ],
    "parameters" : [ ],
    "hasContent" : false,
    "stepsCount" : 0,
    "attachmentsCount" : 0,
    "shouldDisplayMessage" : false
  }, {
    "name" : "stepDefinitions.Hooks.driverIntialize()",
    "time" : {
      "start" : 1755612264507,
      "stop" : 1755612266183,
      "duration" : 1676
    },
    "status" : "passed",
    "steps" : [ ],
    "attachments" : [ ],
    "parameters" : [ ],
    "hasContent" : false,
    "stepsCount" : 0,
    "attachmentsCount" : 0,
    "shouldDisplayMessage" : false
  } ],
  "testStage" : {
    "description" : "  This feature is to login to the urbuddi portal.",
    "status" : "broken",
    "statusMessage" : "Expected condition failed: waiting for visibility of [[ChromeDriver: chrome on windows (84a0c30ecd49cf65ac06b46defa52bbb)] -> xpath: //div[@class='ag-selection-checkbox']//input[@type='checkbox']] (tried for 10 second(s) with 500 milliseconds interval)\nBuild info: version: '4.33.0', revision: '2c6aaad03a'\nSystem info: os.name: 'Windows 10', os.arch: 'amd64', os.version: '10.0', java.version: '24.0.2'\nDriver info: org.openqa.selenium.chrome.ChromeDriver\nCapabilities {acceptInsecureCerts: false, browserName: chrome, browserVersion: 139.0.7258.67, chrome: {chromedriverVersion: 139.0.7258.68 (40ff94600b6e..., userDataDir: C:\\Users\\Admin\\AppData\\Loca...}, fedcm:accounts: true, goog:chromeOptions: {debuggerAddress: localhost:61255}, networkConnectionEnabled: false, pageLoadStrategy: normal, platformName: windows, proxy: Proxy(), se:cdp: ws://localhost:61255/devtoo..., se:cdpVersion: 139.0.7258.67, setWindowRect: true, strictFileInteractability: false, timeouts: {implicit: 0, pageLoad: 300000, script: 30000}, unhandledPromptBehavior: dismiss and notify, webauthn:extension:credBlob: true, webauthn:extension:largeBlob: true, webauthn:extension:minPinLength: true, webauthn:extension:prf: true, webauthn:virtualAuthenticators: true}\nSession ID: 84a0c30ecd49cf65ac06b46defa52bbb",
    "statusTrace" : "org.openqa.selenium.TimeoutException: Expected condition failed: waiting for visibility of [[ChromeDriver: chrome on windows (84a0c30ecd49cf65ac06b46defa52bbb)] -> xpath: //div[@class='ag-selection-checkbox']//input[@type='checkbox']] (tried for 10 second(s) with 500 milliseconds interval)\nBuild info: version: '4.33.0', revision: '2c6aaad03a'\nSystem info: os.name: 'Windows 10', os.arch: 'amd64', os.version: '10.0', java.version: '24.0.2'\nDriver info: org.openqa.selenium.chrome.ChromeDriver\nCapabilities {acceptInsecureCerts: false, browserName: chrome, browserVersion: 139.0.7258.67, chrome: {chromedriverVersion: 139.0.7258.68 (40ff94600b6e..., userDataDir: C:\\Users\\Admin\\AppData\\Loca...}, fedcm:accounts: true, goog:chromeOptions: {debuggerAddress: localhost:61255}, networkConnectionEnabled: false, pageLoadStrategy: normal, platformName: windows, proxy: Proxy(), se:cdp: ws://localhost:61255/devtoo..., se:cdpVersion: 139.0.7258.67, setWindowRect: true, strictFileInteractability: false, timeouts: {implicit: 0, pageLoad: 300000, script: 30000}, unhandledPromptBehavior: dismiss and notify, webauthn:extension:credBlob: true, webauthn:extension:largeBlob: true, webauthn:extension:minPinLength: true, webauthn:extension:prf: true, webauthn:virtualAuthenticators: true}\nSession ID: 84a0c30ecd49cf65ac06b46defa52bbb\r\n\tat org.openqa.selenium.support.ui.WebDriverWait.timeoutException(WebDriverWait.java:84)\r\n\tat org.openqa.selenium.support.ui.FluentWait.until(FluentWait.java:228)\r\n\tat Utilities.ElementUtils.visibilityOfElement(ElementUtils.java:25)\r\n\tat Utilities.ElementUtils.click(ElementUtils.java:63)\r\n\tat pom.DeleteEmployee_Page.deleteEmployee(DeleteEmployee_Page.java:46)\r\n\tat stepDefinitions.DeleteStep.clickOnEmployeeIconAndDeleteTheEmployee(DeleteStep.java:46)\r\n\tat ✽.Click on Employee icon and delete the employee(file:///C:/Users/Admin/IdeaProjects/untitled/src/test/java/features/deleteUser.feature:8)\r\n",
    "steps" : [ {
      "name" : "When User open the URL from config",
      "time" : {
        "start" : 1755612266361,
        "stop" : 1755612267725,
        "duration" : 1364
      },
      "status" : "passed",
      "steps" : [ ],
      "attachments" : [ ],
      "parameters" : [ ],
      "hasContent" : false,
      "stepsCount" : 0,
      "attachmentsCount" : 0,
      "shouldDisplayMessage" : false
    }, {
      "name" : "And User Enters Email and password from config",
      "time" : {
        "start" : 1755612267727,
        "stop" : 1755612268097,
        "duration" : 370
      },
      "status" : "passed",
      "steps" : [ ],
      "attachments" : [ ],
      "parameters" : [ ],
      "hasContent" : false,
      "stepsCount" : 0,
      "attachmentsCount" : 0,
      "shouldDisplayMessage" : false
    }, {
      "name" : "And Click on Login button.",
      "time" : {
        "start" : 1755612268097,
        "stop" : 1755612268256,
        "duration" : 159
      },
      "status" : "passed",
      "steps" : [ ],
      "attachments" : [ ],
      "parameters" : [ ],
      "hasContent" : false,
      "stepsCount" : 0,
      "attachmentsCount" : 0,
      "shouldDisplayMessage" : false
    }, {
      "name" : "When Click on Employee icon and delete the employee",
      "time" : {
        "start" : 1755612268256,
        "stop" : 1755612285883,
        "duration" : 17627
      },
      "status" : "broken",
      "statusMessage" : "Expected condition failed: waiting for visibility of [[ChromeDriver: chrome on windows (84a0c30ecd49cf65ac06b46defa52bbb)] -> xpath: //div[@class='ag-selection-checkbox']//input[@type='checkbox']] (tried for 10 second(s) with 500 milliseconds interval)\nBuild info: version: '4.33.0', revision: '2c6aaad03a'\nSystem info: os.name: 'Windows 10', os.arch: 'amd64', os.version: '10.0', java.version: '24.0.2'\nDriver info: org.openqa.selenium.chrome.ChromeDriver\nCapabilities {acceptInsecureCerts: false, browserName: chrome, browserVersion: 139.0.7258.67, chrome: {chromedriverVersion: 139.0.7258.68 (40ff94600b6e..., userDataDir: C:\\Users\\Admin\\AppData\\Loca...}, fedcm:accounts: true, goog:chromeOptions: {debuggerAddress: localhost:61255}, networkConnectionEnabled: false, pageLoadStrategy: normal, platformName: windows, proxy: Proxy(), se:cdp: ws://localhost:61255/devtoo..., se:cdpVersion: 139.0.7258.67, setWindowRect: true, strictFileInteractability: false, timeouts: {implicit: 0, pageLoad: 300000, script: 30000}, unhandledPromptBehavior: dismiss and notify, webauthn:extension:credBlob: true, webauthn:extension:largeBlob: true, webauthn:extension:minPinLength: true, webauthn:extension:prf: true, webauthn:virtualAuthenticators: true}\nSession ID: 84a0c30ecd49cf65ac06b46defa52bbb",
      "statusTrace" : "org.openqa.selenium.TimeoutException: Expected condition failed: waiting for visibility of [[ChromeDriver: chrome on windows (84a0c30ecd49cf65ac06b46defa52bbb)] -> xpath: //div[@class='ag-selection-checkbox']//input[@type='checkbox']] (tried for 10 second(s) with 500 milliseconds interval)\nBuild info: version: '4.33.0', revision: '2c6aaad03a'\nSystem info: os.name: 'Windows 10', os.arch: 'amd64', os.version: '10.0', java.version: '24.0.2'\nDriver info: org.openqa.selenium.chrome.ChromeDriver\nCapabilities {acceptInsecureCerts: false, browserName: chrome, browserVersion: 139.0.7258.67, chrome: {chromedriverVersion: 139.0.7258.68 (40ff94600b6e..., userDataDir: C:\\Users\\Admin\\AppData\\Loca...}, fedcm:accounts: true, goog:chromeOptions: {debuggerAddress: localhost:61255}, networkConnectionEnabled: false, pageLoadStrategy: normal, platformName: windows, proxy: Proxy(), se:cdp: ws://localhost:61255/devtoo..., se:cdpVersion: 139.0.7258.67, setWindowRect: true, strictFileInteractability: false, timeouts: {implicit: 0, pageLoad: 300000, script: 30000}, unhandledPromptBehavior: dismiss and notify, webauthn:extension:credBlob: true, webauthn:extension:largeBlob: true, webauthn:extension:minPinLength: true, webauthn:extension:prf: true, webauthn:virtualAuthenticators: true}\nSession ID: 84a0c30ecd49cf65ac06b46defa52bbb\r\n\tat org.openqa.selenium.support.ui.WebDriverWait.timeoutException(WebDriverWait.java:84)\r\n\tat org.openqa.selenium.support.ui.FluentWait.until(FluentWait.java:228)\r\n\tat Utilities.ElementUtils.visibilityOfElement(ElementUtils.java:25)\r\n\tat Utilities.ElementUtils.click(ElementUtils.java:63)\r\n\tat pom.DeleteEmployee_Page.deleteEmployee(DeleteEmployee_Page.java:46)\r\n\tat stepDefinitions.DeleteStep.clickOnEmployeeIconAndDeleteTheEmployee(DeleteStep.java:46)\r\n\tat ✽.Click on Employee icon and delete the employee(file:///C:/Users/Admin/IdeaProjects/untitled/src/test/java/features/deleteUser.feature:8)\r\n",
      "steps" : [ ],
      "attachments" : [ ],
      "parameters" : [ ],
      "hasContent" : true,
      "stepsCount" : 0,
      "attachmentsCount" : 0,
      "shouldDisplayMessage" : true
    } ],
    "attachments" : [ ],
    "parameters" : [ ],
    "hasContent" : true,
    "stepsCount" : 4,
    "attachmentsCount" : 0,
    "shouldDisplayMessage" : false
  },
  "afterStages" : [ {
    "name" : "stepDefinitions.Hooks.afterScenario(io.cucumber.java.Scenario)",
    "time" : {
      "start" : 1755612285886,
      "stop" : 1755612285888,
      "duration" : 2
    },
    "status" : "passed",
    "steps" : [ ],
    "attachments" : [ ],
    "parameters" : [ ],
    "hasContent" : false,
    "stepsCount" : 0,
    "attachmentsCount" : 0,
    "shouldDisplayMessage" : false
  } ],
  "labels" : [ {
    "name" : "host",
    "value" : "DESKTOP-N461L09"
  }, {
    "name" : "thread",
    "value" : "19284@DESKTOP-N461L09.TestNG-PoolService-1(38)"
  }, {
    "name" : "feature",
    "value" : "Login Feature"
  }, {
    "name" : "story",
    "value" : "Delete a  user"
  }, {
    "name" : "suite",
    "value" : "Login Feature"
  }, {
    "name" : "testClass",
    "value" : "Delete a  user"
  }, {
    "name" : "framework",
    "value" : "cucumber4jvm"
  }, {
    "name" : "language",
    "value" : "java"
  }, {
    "name" : "gherkin_uri",
    "value" : "file:///C:/Users/Admin/IdeaProjects/untitled/src/test/java/features/deleteUser.feature"
  }, {
    "name" : "package",
    "value" : "src.test.java.features.deleteUser_feature.Login Feature"
  }, {
    "name" : "resultFormat",
    "value" : "allure2"
  } ],
  "parameters" : [ ],
  "links" : [ ],
  "hidden" : true,
  "retry" : true,
  "extra" : {
    "categories" : [ ],
    "tags" : [ ]
  },
  "source" : "640f135e34efcd4c.json",
  "parameterValues" : [ ]
}